<?xml version="1.0" encoding="UTF-8"?>
<coverage generated="1741886270894" clover="3.2.0">
  <project timestamp="1741886270894" name="All files">
    <metrics statements="33" coveredstatements="33" conditionals="12" coveredconditionals="12" methods="6" coveredmethods="6" elements="51" coveredelements="51" complexity="0" loc="33" ncloc="33" packages="1" files="1" classes="1"/>
    <file name="store.ts" path="/Users/jimcowart/git/oss/beacon/packages/beacon/src/store.ts">
      <metrics statements="33" coveredstatements="33" conditionals="12" coveredconditionals="12" methods="6" coveredmethods="6"/>
      <line num="2" count="10" type="stmt"/>
      <line num="11" count="10" type="stmt"/>
      <line num="16" count="10" type="stmt"/>
      <line num="17" count="10" type="cond" truecount="2" falsecount="0"/>
      <line num="20" count="10" type="stmt"/>
      <line num="21" count="6" type="cond" truecount="1" falsecount="0"/>
      <line num="22" count="1" type="stmt"/>
      <line num="27" count="9" type="stmt"/>
      <line num="32" count="9" type="cond" truecount="1" falsecount="0"/>
      <line num="33" count="5" type="stmt"/>
      <line num="35" count="5" type="stmt"/>
      <line num="36" count="5" type="stmt"/>
      <line num="40" count="5" type="stmt"/>
      <line num="41" count="3" type="stmt"/>
      <line num="49" count="9" type="stmt"/>
      <line num="50" count="9" type="cond" truecount="1" falsecount="0"/>
      <line num="51" count="1" type="stmt"/>
      <line num="52" count="1" type="stmt"/>
      <line num="54" count="1" type="stmt"/>
      <line num="55" count="1" type="stmt"/>
      <line num="65" count="9" type="stmt"/>
      <line num="66" count="3" type="stmt"/>
      <line num="68" count="3" type="cond" truecount="1" falsecount="0"/>
      <line num="69" count="2" type="stmt"/>
      <line num="70" count="2" type="cond" truecount="5" falsecount="0"/>
      <line num="71" count="1" type="stmt"/>
      <line num="76" count="3" type="stmt"/>
      <line num="78" count="3" type="stmt"/>
      <line num="82" count="9" type="stmt"/>
      <line num="88" count="9" type="stmt"/>
      <line num="95" count="9" type="cond" truecount="1" falsecount="0"/>
      <line num="96" count="1" type="stmt"/>
      <line num="99" count="9" type="stmt"/>
    </file>
  </project>
</coverage>
