{"/Users/jimcowart/git/oss/beacon/packages/beacon/src/store.ts": {"path":"/Users/jimcowart/git/oss/beacon/packages/beacon/src/store.ts","statementMap":{"0":{"start":{"line":11,"column":0},"end":{"line":11,"column":16}},"1":{"start":{"line":2,"column":0},"end":{"line":2,"column":58}},"2":{"start":{"line":16,"column":29},"end":{"line":16,"column":70}},"3":{"start":{"line":17,"column":24},"end":{"line":17,"column":57}},"4":{"start":{"line":20,"column":4},"end":{"line":24,"column":5}},"5":{"start":{"line":21,"column":8},"end":{"line":23,"column":9}},"6":{"start":{"line":22,"column":12},"end":{"line":22,"column":99}},"7":{"start":{"line":27,"column":18},"end":{"line":28,"column":null}},"8":{"start":{"line":32,"column":4},"end":{"line":46,"column":5}},"9":{"start":{"line":33,"column":8},"end":{"line":45,"column":9}},"10":{"start":{"line":35,"column":34},"end":{"line":37,"column":14}},"11":{"start":{"line":36,"column":16},"end":{"line":36,"column":58}},"12":{"start":{"line":40,"column":12},"end":{"line":44,"column":15}},"13":{"start":{"line":41,"column":27},"end":{"line":41,"column":46}},"14":{"start":{"line":49,"column":20},"end":{"line":49,"column":29}},"15":{"start":{"line":50,"column":4},"end":{"line":62,"column":5}},"16":{"start":{"line":51,"column":8},"end":{"line":61,"column":9}},"17":{"start":{"line":52,"column":12},"end":{"line":60,"column":14}},"18":{"start":{"line":54,"column":16},"end":{"line":59,"column":19}},"19":{"start":{"line":55,"column":20},"end":{"line":58,"column":22}},"20":{"start":{"line":65,"column":29},"end":{"line":79,"column":5}},"21":{"start":{"line":66,"column":25},"end":{"line":66,"column":36}},"22":{"start":{"line":68,"column":8},"end":{"line":74,"column":9}},"23":{"start":{"line":69,"column":12},"end":{"line":73,"column":13}},"24":{"start":{"line":70,"column":16},"end":{"line":72,"column":17}},"25":{"start":{"line":71,"column":20},"end":{"line":71,"column":41}},"26":{"start":{"line":76,"column":8},"end":{"line":76,"column":32}},"27":{"start":{"line":78,"column":8},"end":{"line":78,"column":24}},"28":{"start":{"line":82,"column":4},"end":{"line":86,"column":7}},"29":{"start":{"line":88,"column":4},"end":{"line":92,"column":7}},"30":{"start":{"line":95,"column":4},"end":{"line":97,"column":5}},"31":{"start":{"line":96,"column":8},"end":{"line":96,"column":44}},"32":{"start":{"line":99,"column":4},"end":{"line":99,"column":54}}},"fnMap":{"0":{"name":"createStore","decl":{"start":{"line":11,"column":16},"end":{"line":11,"column":27}},"loc":{"start":{"line":15,"column":49},"end":{"line":100,"column":1}}},"1":{"name":"(anonymous_1)","decl":{"start":{"line":35,"column":43},"end":{"line":35,"column":46}},"loc":{"start":{"line":35,"column":48},"end":{"line":37,"column":13}}},"2":{"name":"(anonymous_2)","decl":{"start":{"line":41,"column":21},"end":{"line":41,"column":24}},"loc":{"start":{"line":41,"column":27},"end":{"line":41,"column":46}}},"3":{"name":"(anonymous_3)","decl":{"start":{"line":52,"column":27},"end":{"line":52,"column":28}},"loc":{"start":{"line":52,"column":46},"end":{"line":60,"column":13}}},"4":{"name":"(anonymous_4)","decl":{"start":{"line":54,"column":35},"end":{"line":54,"column":38}},"loc":{"start":{"line":54,"column":40},"end":{"line":59,"column":17}}},"5":{"name":"(anonymous_5)","decl":{"start":{"line":65,"column":29},"end":{"line":65,"column":30}},"loc":{"start":{"line":65,"column":69},"end":{"line":79,"column":5}}}},"branchMap":{"0":{"loc":{"start":{"line":17,"column":36},"end":{"line":17,"column":56}},"type":"binary-expr","locations":[{"start":{"line":17,"column":36},"end":{"line":17,"column":50}},{"start":{"line":17,"column":54},"end":{"line":17,"column":56}}]},"1":{"loc":{"start":{"line":21,"column":8},"end":{"line":23,"column":9}},"type":"if","locations":[{"start":{"line":21,"column":8},"end":{"line":23,"column":9}}]},"2":{"loc":{"start":{"line":32,"column":4},"end":{"line":46,"column":5}},"type":"if","locations":[{"start":{"line":32,"column":4},"end":{"line":46,"column":5}}]},"3":{"loc":{"start":{"line":50,"column":4},"end":{"line":62,"column":5}},"type":"if","locations":[{"start":{"line":50,"column":4},"end":{"line":62,"column":5}}]},"4":{"loc":{"start":{"line":68,"column":8},"end":{"line":74,"column":9}},"type":"if","locations":[{"start":{"line":68,"column":8},"end":{"line":74,"column":9}}]},"5":{"loc":{"start":{"line":70,"column":16},"end":{"line":72,"column":17}},"type":"if","locations":[{"start":{"line":70,"column":16},"end":{"line":72,"column":17}}]},"6":{"loc":{"start":{"line":70,"column":21},"end":{"line":70,"column":41}},"type":"cond-expr","locations":[{"start":{"line":70,"column":28},"end":{"line":70,"column":30}},{"start":{"line":70,"column":21},"end":{"line":70,"column":41}}]},"7":{"loc":{"start":{"line":70,"column":21},"end":{"line":70,"column":30}},"type":"binary-expr","locations":[{"start":{"line":70,"column":21},"end":{"line":70,"column":30}},{"start":{"line":70,"column":21},"end":{"line":70,"column":30}}]},"8":{"loc":{"start":{"line":95,"column":4},"end":{"line":97,"column":5}},"type":"if","locations":[{"start":{"line":95,"column":4},"end":{"line":97,"column":5}}]}},"s":{"0":10,"1":10,"2":10,"3":10,"4":10,"5":6,"6":1,"7":9,"8":9,"9":5,"10":5,"11":5,"12":5,"13":3,"14":9,"15":9,"16":1,"17":1,"18":1,"19":1,"20":9,"21":3,"22":3,"23":2,"24":2,"25":1,"26":3,"27":3,"28":9,"29":9,"30":9,"31":1,"32":9},"f":{"0":10,"1":5,"2":3,"3":1,"4":1,"5":3},"b":{"0":[10,4],"1":[1],"2":[5],"3":[1],"4":[2],"5":[1],"6":[1,1],"7":[2,2],"8":[1]}}
}
