TN:
SF:src/store.ts
FN:11,createStore
FN:35,(anonymous_1)
FN:41,(anonymous_2)
FN:52,(anonymous_3)
FN:54,(anonymous_4)
FN:65,(anonymous_5)
FNF:6
FNH:6
FNDA:10,createStore
FNDA:5,(anonymous_1)
FNDA:3,(anonymous_2)
FNDA:1,(anonymous_3)
FNDA:1,(anonymous_4)
FNDA:3,(anonymous_5)
DA:2,10
DA:11,10
DA:16,10
DA:17,10
DA:20,10
DA:21,6
DA:22,1
DA:27,9
DA:32,9
DA:33,5
DA:35,5
DA:36,5
DA:40,5
DA:41,3
DA:49,9
DA:50,9
DA:51,1
DA:52,1
DA:54,1
DA:55,1
DA:65,9
DA:66,3
DA:68,3
DA:69,2
DA:70,2
DA:71,1
DA:76,3
DA:78,3
DA:82,9
DA:88,9
DA:95,9
DA:96,1
DA:99,9
LF:33
LH:33
BRDA:17,0,0,10
BRDA:17,0,1,4
BRDA:21,1,0,1
BRDA:32,2,0,5
BRDA:50,3,0,1
BRDA:68,4,0,2
BRDA:70,5,0,1
BRDA:70,6,0,1
BRDA:70,6,1,1
BRDA:70,7,0,2
BRDA:70,7,1,2
BRDA:95,8,0,1
BRF:12
BRH:12
end_of_record
